<?xml version="1.0" encoding="UTF-8"?>
<!-- Generated by org.testng.reporters.JUnitXMLReporter -->
<testsuite ignored="0" hostname="Hariss-MacBook-Pro.local" failures="1" tests="3" name="Application Reporter log testing Test" time="0.118" errors="0" timestamp="21 Mar 2018 14:09:12 GMT">
  <testcase classname="testClasses.TestNG_reportersAndLogs" name="test1" time="0.0"/>
  <testcase classname="testClasses.TestNG_reportersAndLogs" name="test2" time="0.026">
    <failure type="java.lang.AssertionError" message="expected [true] but found [false]">
      <![CDATA[java.lang.AssertionError: expected [true] but found [false]
	at testClasses.TestNG_reportersAndLogs.test2(TestNG_reportersAndLogs.java:44)
... Removed 28 stack frames]]>
    </failure>
  </testcase> <!-- test2 -->
  <testcase classname="testClasses.TestNG_reportersAndLogs" name="test3" time="0.0">
    <skipped/>
  </testcase> <!-- test3 -->
</testsuite> <!-- Application Reporter log testing Test -->
